<?xml version="1.0" encoding="UTF-8"?>
<!-- Generated by org.testng.reporters.JUnitReportReporter -->
<testsuite hostname="Argano-9P32ZP3" failures="0" tests="2" name="com.AD_ID.tests.LabelsAndTagsConfiguration" time="394.595" errors="0" timestamp="2023-10-25T15:27:24 IST" skipped="0">
  <testcase classname="com.AD_ID.tests.LabelsAndTagsConfiguration" name="logintoCPQ" time="17.872"/>
  <system-out/>
  <testcase classname="com.AD_ID.tests.LabelsAndTagsConfiguration" name="labelsAndTagsConfiguration" time="376.723"/>
  <system-out/>
</testsuite> <!-- com.AD_ID.tests.LabelsAndTagsConfiguration -->
