<?xml version="1.0" encoding="UTF-8"?>
<!-- Generated by org.testng.reporters.JUnitReportReporter -->
<testsuite hostname="Argano-9P32ZP3" failures="0" tests="1" name="com.qa.opencart.tests.LoginPageTest" time="167.240" errors="0" timestamp="2023-10-25T12:21:57 IST" skipped="0">
  <testcase classname="com.qa.opencart.tests.LoginPageTest" name="loginTest" time="167.240"/>
  <system-out/>
</testsuite> <!-- com.qa.opencart.tests.LoginPageTest -->
